[2025-11-04 01:00:45] [1] [WARN] Reporting disabled: using no op test run registrar
[2025-11-04 01:00:45] [1] [INFO] TEST [qatests-demo-api-desctop-mobiles-kt - testSuccessfulUserAccess] STARTED at [14:00:45 2025-11-04]
[2025-11-04 01:00:45] [1] [INFO] Starting driver session...
[2025-11-04 01:00:47] [1] [INFO] Driver session started.
[2025-11-04 01:00:47] [1] [INFO] INFO: opening url 'https://www.saucedemo.com/'
[2025-11-04 01:00:48] [1] [INFO] Keys 'standard_user' are sent to element 'inputUserName'.
[2025-11-04 01:00:48] [1] [INFO] Keys 'dnbfsdbfjkds' are sent to element 'inputPassword'.
[2025-11-04 01:00:48] [1] [INFO] Element 'loginButton' is clicked.
[2025-11-04 01:01:09] [1] [ERROR] TEST [qatests-demo-api-desctop-mobiles-kt - testSuccessfulUserAccess] FAILED at [14:01:09 2025-11-04] - Products page is not opened. expected [true] but found [false]

org.testng.Assert.fail(Assert.java:111)
org.testng.Assert.failNotEquals(Assert.java:1578)
org.testng.Assert.assertTrue(Assert.java:57)
com.blinou.saucedemo.gui.desktop.SaucedemoGuiDeskTest.testSuccessfulUserAccess(SaucedemoGuiDeskTest.kt:32)
java.base/jdk.internal.reflect.DirectMethodHandleAccessor.invoke(DirectMethodHandleAccessor.java:103)
java.base/java.lang.reflect.Method.invoke(Method.java:580)
org.testng.internal.invokers.MethodInvocationHelper.invokeMethod(MethodInvocationHelper.java:139)
org.testng.internal.invokers.TestInvoker.invokeMethod(TestInvoker.java:664)
org.testng.internal.invokers.TestInvoker.invokeTestMethod(TestInvoker.java:227)
org.testng.internal.invokers.MethodRunner.runInSequence(MethodRunner.java:50)
org.testng.internal.invokers.TestInvoker$MethodInvocationAgent.invoke(TestInvoker.java:957)
org.testng.internal.invokers.TestInvoker.invokeTestMethods(TestInvoker.java:200)
org.testng.internal.invokers.TestMethodWorker.invokeTestMethods(TestMethodWorker.java:148)
org.testng.internal.invokers.TestMethodWorker.run(TestMethodWorker.java:128)
java.base/java.util.ArrayList.forEach(ArrayList.java:1597)
org.testng.TestRunner.privateRun(TestRunner.java:848)
org.testng.TestRunner.run(TestRunner.java:621)
org.testng.SuiteRunner.runTest(SuiteRunner.java:443)
org.testng.SuiteRunner.runSequentially(SuiteRunner.java:437)
org.testng.SuiteRunner.privateRun(SuiteRunner.java:397)
org.testng.SuiteRunner.run(SuiteRunner.java:336)
org.testng.SuiteRunnerWorker.runSuite(SuiteRunnerWorker.java:52)
org.testng.SuiteRunnerWorker.run(SuiteRunnerWorker.java:95)
org.testng.TestNG.runSuitesSequentially(TestNG.java:1280)
org.testng.TestNG.runSuitesLocally(TestNG.java:1200)
org.testng.TestNG.runSuites(TestNG.java:1114)
org.testng.TestNG.run(TestNG.java:1082)
com.intellij.rt.testng.IDEARemoteTestNG.run(IDEARemoteTestNG.java:65)
com.intellij.rt.testng.RemoteTestNGStarter.main(RemoteTestNGStarter.java:105)
